<?xml version="1.0" encoding="UTF-8"?>
<!-- Generated by org.testng.reporters.JUnitXMLReporter -->
<testsuite hostname="DESKTOP-84KGOP9" ignored="0" name="Default test" tests="3" failures="0" timestamp="12 Dec 2018 12:50:20 GMT" time="13.384" errors="0">
  <testcase name="AppScanSite" time="11.014" classname="com.pge.hybrid.testcases.facebooksuite.FacebookTest"/>
  <testcase name="facebookLogin" time="0.017" classname="com.pge.hybrid.testcases.facebooksuite.FacebookTest">
    <skipped/>
  </testcase> <!-- facebookLogin -->
  <testcase name="facebookLogin" time="0.016" classname="com.pge.hybrid.testcases.facebooksuite.FacebookTest">
    <skipped/>
  </testcase> <!-- facebookLogin -->
</testsuite> <!-- Default test -->
