<?xml version="1.0" encoding="UTF-8"?>
<!-- Generated by org.testng.reporters.JUnitXMLReporter -->
<testsuite hostname="DESKTOP-84KGOP9" ignored="0" name="Default test" tests="3" failures="0" timestamp="04 Dec 2018 13:43:25 GMT" time="14.343" errors="0">
  <testcase name="AppScanSite" time="10.161" classname="com.pge.hybrid.testcases.facebooksuite.FacebookTest"/>
  <testcase name="facebookLogin" time="0.0" classname="com.pge.hybrid.testcases.facebooksuite.FacebookTest">
    <skipped/>
  </testcase> <!-- facebookLogin -->
  <testcase name="facebookLogin" time="0.0" classname="com.pge.hybrid.testcases.facebooksuite.FacebookTest">
    <skipped/>
  </testcase> <!-- facebookLogin -->
</testsuite> <!-- Default test -->
