<?xml version="1.0" encoding="UTF-8"?>
<!-- Generated by org.testng.reporters.JUnitXMLReporter -->
<testsuite hostname="DESKTOP-84KGOP9" ignored="1" name="Command line test" tests="2" failures="0" timestamp="16 Jan 2019 09:49:09 GMT" time="0.109" errors="0">
  <testcase name="facebookLogin" time="0.0" classname="com.pge.hybrid.testcases.facebooksuite.FacebookTest">
    <skipped/>
  </testcase> <!-- facebookLogin -->
  <testcase name="AppScanSite" time="0.0" classname="com.pge.hybrid.testcases.facebooksuite.FacebookTest">
    <skipped/>
  </testcase> <!-- AppScanSite -->
  <testcase name="@BeforeTest init" time="0.0" classname="com.pge.hybrid.base.BaseTest">
    <ignored/>
  </testcase> <!-- @BeforeTest init -->
</testsuite> <!-- Command line test -->
