<?xml version="1.0" encoding="UTF-8"?>
<testsuite xmlns:xsi="http://www.w3.org/2001/XMLSchema-instance" xsi:noNamespaceSchemaLocation="https://maven.apache.org/surefire/maven-surefire-plugin/xsd/surefire-test-report.xsd" name="TestSuite" time="6.897" tests="9" errors="0" skipped="9" failures="0">
  <properties>
[...]
</properties>
  <testcase name="YahooSignUp" classname="com.pge.hybrid.testcases.yahoosuite.YahooSignUp" time="0">
    <skipped message="Runmode is set to NO"/>
    <system-out><![CDATA[*** YahooSignIn
The username is null
*** YahooSignUp
The username is null
C:\HybridFramework\HybridFramework\Files\Yahoo.xlsx
C:\HybridFramework\HybridFramework\Files\Yahoo.xlsx
YahooSignIn
Row Number of test is 5
Total Cols - 9
Total Rows 1
{Year=1986.0, LN=Sharma, FN=Shekhar, BirthMonth=May, Runmode=Y, Mobile=9.999999999E9, Email=sharmashekhar8686, Day=17.0, Browser=Chrome}
----------------
YahooSignIn
Row Number of test is 1
Total Cols - 5
Total Rows 1
{Username=shekhar, url=https://login.yahoo.com/, Password=1234, Runmode=Y, Browser=Mozilla}
----------------
C:\HybridFramework\HybridFramework\reports\Tue_Jan_15_01_46_26_PST_2019//Report.html
C:\HybridFramework\HybridFramework\reports\Tue_Jan_15_01_46_26_PST_2019//Report.html
]]></system-out>
  </testcase>
  <testcase name="yahooSignIn" classname="com.pge.hybrid.testcases.yahoosuite.YahooSignIn" time="0">
    <skipped message="Runmode is set to NO"/>
  </testcase>
  <testcase name="GmailSignUp" classname="com.pge.hybrid.testcases.gmailsuite.GmailSignUp" time="0">
    <skipped message="Runmode is set to NO"/>
    <system-out><![CDATA[*** GmailLogin
The username is null
C:\HybridFramework\HybridFramework\Files\Gmail.xlsx
*** GmailSignUp
The username is null
C:\HybridFramework\HybridFramework\Files\Gmail.xlsx
GmailLogin
Row Number of test is 5
Total Cols - 4
Total Rows 2
{Runmode=Y, FN=Shekhar, LN=Sharma, Browser=Chrome}
----------------
{Runmode=Y, FN=Pankaj, LN=Jasrotia, Browser=Mozilla}
----------------
]]></system-out>
  </testcase>
  <testcase name="GmailSignUp" classname="com.pge.hybrid.testcases.gmailsuite.GmailSignUp" time="0">
    <skipped message="Runmode is set to NO"/>
    <system-out><![CDATA[GmailLogin
Row Number of test is 1
Total Cols - 6
Total Rows 1
{Username=sharmashekhar86, ExpectedResult=Loginsuccess, url=https://www.google.com/intl/en-GB/gmail/about/#, Password=hello, Runmode=Y, Browser=Chrome}
----------------
]]></system-out>
  </testcase>
  <testcase name="gmaillogin" classname="com.pge.hybrid.testcases.gmailsuite.GmailLogin" time="0">
    <skipped message="Runmode is set to NO"/>
  </testcase>
  <testcase name="AppScanSite" classname="com.pge.hybrid.testcases.facebooksuite.FacebookTest" time="0">
    <skipped message="Runmode is set to NO"/>
    <system-out><![CDATA[*** FacebookTest
The username is null
C:\HybridFramework\HybridFramework\Files\facebook.xlsx
facebookLogin
Row Number of test is 10
Total Cols - 5
Total Rows 1
{Username=jsmith, url=http://demo.testfire.net/, Password=demo1234, Runmode=Y, Browser=Chrome}
----------------
]]></system-out>
  </testcase>
  <testcase name="UploadFile" classname="com.pge.hybrid.testcases.facebooksuite.UploadFiles" time="0">
    <skipped message="Runmode is set to NO"/>
    <system-out><![CDATA[*** UploadFiles
The username is null
C:\HybridFramework\HybridFramework\Files\facebook.xlsx
facebookLogin
Row Number of test is 6
Total Cols - 7
Total Rows 1
{Username=, ExpectedResult=, url=https://imgur.com/upload, filePath=C:\\HybridFramework\\HybridFramework\\Files\\FileUpload.exe, Password=, Runmode=Y, Browser=Chrome}
----------------
]]></system-out>
  </testcase>
  <testcase name="facebookLogin" classname="com.pge.hybrid.testcases.facebooksuite.FacebookTest" time="0">
    <skipped message="Runmode is set to NO"/>
    <system-out><![CDATA[facebookLogin
Row Number of test is 1
Total Cols - 7
Total Rows 2
{Username=shekhar_20_nice@yahoo.co.in, ExpectedResult=Success, url=https://www.facebook.com, filePath=C:\\HybridFramework\\HybridFramework\\Files\\FileUpload.exe, Password=, Runmode=Y, Browser=Chrome}
----------------
{Username=shekhar_20_nice@yahoo.co.in, ExpectedResult=Success, url=https://www.facebook.com, filePath=C:\\HybridFramework\\HybridFramework\\Files\\FileUpload.exe, Password=, Runmode=N, Browser=IE}
----------------
]]></system-out>
  </testcase>
  <testcase name="facebookLogin" classname="com.pge.hybrid.testcases.facebooksuite.FacebookTest" time="0">
    <skipped message="Runmode is set to NO"/>
  </testcase>
</testsuite>