<?xml version="1.0" encoding="UTF-8"?>
<testng-results skipped="9" failed="0" ignored="0" total="9" passed="0">
  <reporter-output>
  </reporter-output>
  <suite name="Yahoo Suite" duration-ms="2928" started-at="2019-01-15T09:46:24Z" finished-at="2019-01-15T09:46:27Z">
    <groups>
    </groups>
    <test name="Yahoo Sign up Test" duration-ms="2670" started-at="2019-01-15T09:46:25Z" finished-at="2019-01-15T09:46:27Z">
      <class name="com.pge.hybrid.testcases.yahoosuite.YahooSignUp">
        <test-method status="PASS" signature="init()[pri:0, instance:com.pge.hybrid.testcases.yahoosuite.YahooSignUp@51efea79]" name="init" is-config="true" duration-ms="1433" started-at="2019-01-15T09:46:25Z" finished-at="2019-01-15T09:46:26Z">
          <reporter-output>
          </reporter-output>
        </test-method> <!-- init -->
        <test-method status="PASS" signature="initTest()[pri:0, instance:com.pge.hybrid.testcases.yahoosuite.YahooSignUp@51efea79]" name="initTest" is-config="true" duration-ms="302" started-at="2019-01-15T09:46:26Z" finished-at="2019-01-15T09:46:26Z">
          <reporter-output>
          </reporter-output>
        </test-method> <!-- initTest -->
        <test-method status="SKIP" signature="YahooSignUp(java.util.Hashtable)[pri:0, instance:com.pge.hybrid.testcases.yahoosuite.YahooSignUp@51efea79]" name="YahooSignUp" duration-ms="31" started-at="2019-01-15T09:46:26Z" data-provider="getData" finished-at="2019-01-15T09:46:26Z">
          <params>
            <param index="0">
              <value>
                <![CDATA[{Year=1986.0, LN=Sharma, FN=Shekhar, BirthMonth=May, Runmode=Y, Mobile=9.999999999E9, Email=sharmashekhar8686, Day=17.0, Browser=Chrome}]]>
              </value>
            </param>
          </params>
          <exception class="org.testng.SkipException">
            <message>
              <![CDATA[Runmode is set to NO]]>
            </message>
            <full-stacktrace>
              <![CDATA[org.testng.SkipException: Runmode is set to NO
at com.pge.hybrid.testcases.yahoosuite.YahooSignUp.YahooSignUp(YahooSignUp.java:21)
at sun.reflect.NativeMethodAccessorImpl.invoke0(Native Method)
at sun.reflect.NativeMethodAccessorImpl.invoke(NativeMethodAccessorImpl.java:62)
at sun.reflect.DelegatingMethodAccessorImpl.invoke(DelegatingMethodAccessorImpl.java:43)
at java.lang.reflect.Method.invoke(Method.java:498)
at org.testng.internal.MethodInvocationHelper.invokeMethod(MethodInvocationHelper.java:124)
at org.testng.internal.Invoker.invokeMethod(Invoker.java:583)
at org.testng.internal.Invoker.invokeTestMethod(Invoker.java:719)
at org.testng.internal.Invoker.invokeTestMethods(Invoker.java:989)
at org.testng.internal.TestMethodWorker.invokeTestMethods(TestMethodWorker.java:125)
at org.testng.internal.TestMethodWorker.run(TestMethodWorker.java:109)
at org.testng.TestRunner.privateRun(TestRunner.java:648)
at org.testng.TestRunner.run(TestRunner.java:505)
at org.testng.SuiteRunner.runTest(SuiteRunner.java:455)
at org.testng.SuiteRunner.access$000(SuiteRunner.java:40)
at org.testng.SuiteRunner$SuiteWorker.run(SuiteRunner.java:489)
at org.testng.internal.thread.ThreadUtil$1.call(ThreadUtil.java:52)
at java.util.concurrent.FutureTask.run(FutureTask.java:266)
at java.util.concurrent.ThreadPoolExecutor.runWorker(ThreadPoolExecutor.java:1149)
at java.util.concurrent.ThreadPoolExecutor$Worker.run(ThreadPoolExecutor.java:624)
at java.lang.Thread.run(Thread.java:748)
]]>
            </full-stacktrace>
          </exception> <!-- org.testng.SkipException -->
          <reporter-output>
          </reporter-output>
        </test-method> <!-- YahooSignUp -->
        <test-method status="PASS" signature="quit()[pri:0, instance:com.pge.hybrid.testcases.yahoosuite.YahooSignUp@51efea79]" name="quit" is-config="true" duration-ms="870" started-at="2019-01-15T09:46:26Z" finished-at="2019-01-15T09:46:27Z">
          <reporter-output>
          </reporter-output>
        </test-method> <!-- quit -->
      </class> <!-- com.pge.hybrid.testcases.yahoosuite.YahooSignUp -->
    </test> <!-- Yahoo Sign up Test -->
    <test name="Yahoo Sign In Test" duration-ms="2928" started-at="2019-01-15T09:46:24Z" finished-at="2019-01-15T09:46:27Z">
      <class name="com.pge.hybrid.testcases.yahoosuite.YahooSignIn">
        <test-method status="PASS" signature="init()[pri:0, instance:com.pge.hybrid.testcases.yahoosuite.YahooSignIn@2344fc66]" name="init" is-config="true" duration-ms="1515" started-at="2019-01-15T09:46:24Z" finished-at="2019-01-15T09:46:26Z">
          <reporter-output>
          </reporter-output>
        </test-method> <!-- init -->
        <test-method status="PASS" signature="initTest()[pri:0, instance:com.pge.hybrid.testcases.yahoosuite.YahooSignIn@2344fc66]" name="initTest" is-config="true" duration-ms="285" started-at="2019-01-15T09:46:26Z" finished-at="2019-01-15T09:46:26Z">
          <reporter-output>
          </reporter-output>
        </test-method> <!-- initTest -->
        <test-method status="SKIP" signature="yahooSignIn(java.util.Hashtable)[pri:0, instance:com.pge.hybrid.testcases.yahoosuite.YahooSignIn@2344fc66]" name="yahooSignIn" duration-ms="901" started-at="2019-01-15T09:46:26Z" data-provider="getData" finished-at="2019-01-15T09:46:27Z">
          <params>
            <param index="0">
              <value>
                <![CDATA[{Username=shekhar, url=https://login.yahoo.com/, Password=1234, Runmode=Y, Browser=Mozilla}]]>
              </value>
            </param>
          </params>
          <exception class="org.testng.SkipException">
            <message>
              <![CDATA[Runmode is set to NO]]>
            </message>
            <full-stacktrace>
              <![CDATA[org.testng.SkipException: Runmode is set to NO
at com.pge.hybrid.testcases.yahoosuite.YahooSignIn.yahooSignIn(YahooSignIn.java:21)
at sun.reflect.NativeMethodAccessorImpl.invoke0(Native Method)
at sun.reflect.NativeMethodAccessorImpl.invoke(NativeMethodAccessorImpl.java:62)
at sun.reflect.DelegatingMethodAccessorImpl.invoke(DelegatingMethodAccessorImpl.java:43)
at java.lang.reflect.Method.invoke(Method.java:498)
at org.testng.internal.MethodInvocationHelper.invokeMethod(MethodInvocationHelper.java:124)
at org.testng.internal.Invoker.invokeMethod(Invoker.java:583)
at org.testng.internal.Invoker.invokeTestMethod(Invoker.java:719)
at org.testng.internal.Invoker.invokeTestMethods(Invoker.java:989)
at org.testng.internal.TestMethodWorker.invokeTestMethods(TestMethodWorker.java:125)
at org.testng.internal.TestMethodWorker.run(TestMethodWorker.java:109)
at org.testng.TestRunner.privateRun(TestRunner.java:648)
at org.testng.TestRunner.run(TestRunner.java:505)
at org.testng.SuiteRunner.runTest(SuiteRunner.java:455)
at org.testng.SuiteRunner.access$000(SuiteRunner.java:40)
at org.testng.SuiteRunner$SuiteWorker.run(SuiteRunner.java:489)
at org.testng.internal.thread.ThreadUtil$1.call(ThreadUtil.java:52)
at java.util.concurrent.FutureTask.run(FutureTask.java:266)
at java.util.concurrent.ThreadPoolExecutor.runWorker(ThreadPoolExecutor.java:1149)
at java.util.concurrent.ThreadPoolExecutor$Worker.run(ThreadPoolExecutor.java:624)
at java.lang.Thread.run(Thread.java:748)
]]>
            </full-stacktrace>
          </exception> <!-- org.testng.SkipException -->
          <reporter-output>
          </reporter-output>
        </test-method> <!-- yahooSignIn -->
        <test-method status="PASS" signature="quit()[pri:0, instance:com.pge.hybrid.testcases.yahoosuite.YahooSignIn@2344fc66]" name="quit" is-config="true" duration-ms="176" started-at="2019-01-15T09:46:27Z" finished-at="2019-01-15T09:46:27Z">
          <reporter-output>
          </reporter-output>
        </test-method> <!-- quit -->
      </class> <!-- com.pge.hybrid.testcases.yahoosuite.YahooSignIn -->
    </test> <!-- Yahoo Sign In Test -->
  </suite> <!-- Yahoo Suite -->
  <suite name="My suite" duration-ms="0" started-at="2019-01-15T09:46:30Z" finished-at="2019-01-15T09:46:30Z">
    <groups>
    </groups>
  </suite> <!-- My suite -->
  <suite name="Gmail Suite" duration-ms="826" started-at="2019-01-15T09:46:27Z" finished-at="2019-01-15T09:46:28Z">
    <groups>
    </groups>
    <test name="Gmail Sign Up Test" duration-ms="793" started-at="2019-01-15T09:46:27Z" finished-at="2019-01-15T09:46:28Z">
      <class name="com.pge.hybrid.testcases.gmailsuite.GmailSignUp">
        <test-method status="PASS" signature="init()[pri:0, instance:com.pge.hybrid.testcases.gmailsuite.GmailSignUp@1753acfe]" name="init" is-config="true" duration-ms="404" started-at="2019-01-15T09:46:27Z" finished-at="2019-01-15T09:46:28Z">
          <reporter-output>
          </reporter-output>
        </test-method> <!-- init -->
        <test-method status="PASS" signature="initTest()[pri:0, instance:com.pge.hybrid.testcases.gmailsuite.GmailSignUp@1753acfe]" name="initTest" is-config="true" duration-ms="16" started-at="2019-01-15T09:46:28Z" finished-at="2019-01-15T09:46:28Z">
          <reporter-output>
          </reporter-output>
        </test-method> <!-- initTest -->
        <test-method status="PASS" signature="quit()[pri:0, instance:com.pge.hybrid.testcases.gmailsuite.GmailSignUp@1753acfe]" name="quit" is-config="true" duration-ms="143" started-at="2019-01-15T09:46:28Z" finished-at="2019-01-15T09:46:28Z">
          <reporter-output>
          </reporter-output>
        </test-method> <!-- quit -->
        <test-method status="SKIP" signature="GmailSignUp(java.util.Hashtable)[pri:0, instance:com.pge.hybrid.testcases.gmailsuite.GmailSignUp@1753acfe]" name="GmailSignUp" duration-ms="0" started-at="2019-01-15T09:46:28Z" data-provider="getData" finished-at="2019-01-15T09:46:28Z">
          <params>
            <param index="0">
              <value>
                <![CDATA[{Runmode=Y, FN=Shekhar, LN=Sharma, Browser=Chrome}]]>
              </value>
            </param>
          </params>
          <exception class="org.testng.SkipException">
            <message>
              <![CDATA[Runmode is set to NO]]>
            </message>
            <full-stacktrace>
              <![CDATA[org.testng.SkipException: Runmode is set to NO
at com.pge.hybrid.testcases.gmailsuite.GmailSignUp.GmailSignUp(GmailSignUp.java:21)
at sun.reflect.NativeMethodAccessorImpl.invoke0(Native Method)
at sun.reflect.NativeMethodAccessorImpl.invoke(NativeMethodAccessorImpl.java:62)
at sun.reflect.DelegatingMethodAccessorImpl.invoke(DelegatingMethodAccessorImpl.java:43)
at java.lang.reflect.Method.invoke(Method.java:498)
at org.testng.internal.MethodInvocationHelper.invokeMethod(MethodInvocationHelper.java:124)
at org.testng.internal.Invoker.invokeMethod(Invoker.java:583)
at org.testng.internal.Invoker.invokeTestMethod(Invoker.java:719)
at org.testng.internal.Invoker.invokeTestMethods(Invoker.java:989)
at org.testng.internal.TestMethodWorker.invokeTestMethods(TestMethodWorker.java:125)
at org.testng.internal.TestMethodWorker.run(TestMethodWorker.java:109)
at org.testng.TestRunner.privateRun(TestRunner.java:648)
at org.testng.TestRunner.run(TestRunner.java:505)
at org.testng.SuiteRunner.runTest(SuiteRunner.java:455)
at org.testng.SuiteRunner.access$000(SuiteRunner.java:40)
at org.testng.SuiteRunner$SuiteWorker.run(SuiteRunner.java:489)
at org.testng.internal.thread.ThreadUtil$1.call(ThreadUtil.java:52)
at java.util.concurrent.FutureTask.run(FutureTask.java:266)
at java.util.concurrent.ThreadPoolExecutor.runWorker(ThreadPoolExecutor.java:1149)
at java.util.concurrent.ThreadPoolExecutor$Worker.run(ThreadPoolExecutor.java:624)
at java.lang.Thread.run(Thread.java:748)
]]>
            </full-stacktrace>
          </exception> <!-- org.testng.SkipException -->
          <reporter-output>
          </reporter-output>
        </test-method> <!-- GmailSignUp -->
        <test-method status="PASS" signature="quit()[pri:0, instance:com.pge.hybrid.testcases.gmailsuite.GmailSignUp@1753acfe]" name="quit" is-config="true" duration-ms="230" started-at="2019-01-15T09:46:28Z" finished-at="2019-01-15T09:46:28Z">
          <reporter-output>
          </reporter-output>
        </test-method> <!-- quit -->
        <test-method status="SKIP" signature="GmailSignUp(java.util.Hashtable)[pri:0, instance:com.pge.hybrid.testcases.gmailsuite.GmailSignUp@1753acfe]" name="GmailSignUp" duration-ms="0" started-at="2019-01-15T09:46:28Z" data-provider="getData" finished-at="2019-01-15T09:46:28Z">
          <params>
            <param index="0">
              <value>
                <![CDATA[{Runmode=Y, FN=Pankaj, LN=Jasrotia, Browser=Mozilla}]]>
              </value>
            </param>
          </params>
          <exception class="org.testng.SkipException">
            <message>
              <![CDATA[Runmode is set to NO]]>
            </message>
            <full-stacktrace>
              <![CDATA[org.testng.SkipException: Runmode is set to NO
at com.pge.hybrid.testcases.gmailsuite.GmailSignUp.GmailSignUp(GmailSignUp.java:21)
at sun.reflect.NativeMethodAccessorImpl.invoke0(Native Method)
at sun.reflect.NativeMethodAccessorImpl.invoke(NativeMethodAccessorImpl.java:62)
at sun.reflect.DelegatingMethodAccessorImpl.invoke(DelegatingMethodAccessorImpl.java:43)
at java.lang.reflect.Method.invoke(Method.java:498)
at org.testng.internal.MethodInvocationHelper.invokeMethod(MethodInvocationHelper.java:124)
at org.testng.internal.Invoker.invokeMethod(Invoker.java:583)
at org.testng.internal.Invoker.invokeTestMethod(Invoker.java:719)
at org.testng.internal.Invoker.invokeTestMethods(Invoker.java:989)
at org.testng.internal.TestMethodWorker.invokeTestMethods(TestMethodWorker.java:125)
at org.testng.internal.TestMethodWorker.run(TestMethodWorker.java:109)
at org.testng.TestRunner.privateRun(TestRunner.java:648)
at org.testng.TestRunner.run(TestRunner.java:505)
at org.testng.SuiteRunner.runTest(SuiteRunner.java:455)
at org.testng.SuiteRunner.access$000(SuiteRunner.java:40)
at org.testng.SuiteRunner$SuiteWorker.run(SuiteRunner.java:489)
at org.testng.internal.thread.ThreadUtil$1.call(ThreadUtil.java:52)
at java.util.concurrent.FutureTask.run(FutureTask.java:266)
at java.util.concurrent.ThreadPoolExecutor.runWorker(ThreadPoolExecutor.java:1149)
at java.util.concurrent.ThreadPoolExecutor$Worker.run(ThreadPoolExecutor.java:624)
at java.lang.Thread.run(Thread.java:748)
]]>
            </full-stacktrace>
          </exception> <!-- org.testng.SkipException -->
          <reporter-output>
          </reporter-output>
        </test-method> <!-- GmailSignUp -->
        <test-method status="PASS" signature="initTest()[pri:0, instance:com.pge.hybrid.testcases.gmailsuite.GmailSignUp@1753acfe]" name="initTest" is-config="true" duration-ms="0" started-at="2019-01-15T09:46:28Z" finished-at="2019-01-15T09:46:28Z">
          <reporter-output>
          </reporter-output>
        </test-method> <!-- initTest -->
      </class> <!-- com.pge.hybrid.testcases.gmailsuite.GmailSignUp -->
    </test> <!-- Gmail Sign Up Test -->
    <test name="Gmail Sign In Test" duration-ms="826" started-at="2019-01-15T09:46:27Z" finished-at="2019-01-15T09:46:28Z">
      <class name="com.pge.hybrid.testcases.gmailsuite.GmailLogin">
        <test-method status="PASS" signature="init()[pri:0, instance:com.pge.hybrid.testcases.gmailsuite.GmailLogin@735b5592]" name="init" is-config="true" duration-ms="486" started-at="2019-01-15T09:46:27Z" finished-at="2019-01-15T09:46:28Z">
          <reporter-output>
          </reporter-output>
        </test-method> <!-- init -->
        <test-method status="PASS" signature="initTest()[pri:0, instance:com.pge.hybrid.testcases.gmailsuite.GmailLogin@735b5592]" name="initTest" is-config="true" duration-ms="175" started-at="2019-01-15T09:46:28Z" finished-at="2019-01-15T09:46:28Z">
          <reporter-output>
          </reporter-output>
        </test-method> <!-- initTest -->
        <test-method status="SKIP" signature="gmaillogin(java.util.Hashtable)[pri:0, instance:com.pge.hybrid.testcases.gmailsuite.GmailLogin@735b5592]" name="gmaillogin" duration-ms="0" started-at="2019-01-15T09:46:28Z" data-provider="getData" finished-at="2019-01-15T09:46:28Z">
          <params>
            <param index="0">
              <value>
                <![CDATA[{Username=sharmashekhar86, ExpectedResult=Loginsuccess, url=https://www.google.com/intl/en-GB/gmail/about/#, Password=hello, Runmode=Y, Browser=Chrome}]]>
              </value>
            </param>
          </params>
          <exception class="org.testng.SkipException">
            <message>
              <![CDATA[Runmode is set to NO]]>
            </message>
            <full-stacktrace>
              <![CDATA[org.testng.SkipException: Runmode is set to NO
at com.pge.hybrid.testcases.gmailsuite.GmailLogin.gmaillogin(GmailLogin.java:21)
at sun.reflect.NativeMethodAccessorImpl.invoke0(Native Method)
at sun.reflect.NativeMethodAccessorImpl.invoke(NativeMethodAccessorImpl.java:62)
at sun.reflect.DelegatingMethodAccessorImpl.invoke(DelegatingMethodAccessorImpl.java:43)
at java.lang.reflect.Method.invoke(Method.java:498)
at org.testng.internal.MethodInvocationHelper.invokeMethod(MethodInvocationHelper.java:124)
at org.testng.internal.Invoker.invokeMethod(Invoker.java:583)
at org.testng.internal.Invoker.invokeTestMethod(Invoker.java:719)
at org.testng.internal.Invoker.invokeTestMethods(Invoker.java:989)
at org.testng.internal.TestMethodWorker.invokeTestMethods(TestMethodWorker.java:125)
at org.testng.internal.TestMethodWorker.run(TestMethodWorker.java:109)
at org.testng.TestRunner.privateRun(TestRunner.java:648)
at org.testng.TestRunner.run(TestRunner.java:505)
at org.testng.SuiteRunner.runTest(SuiteRunner.java:455)
at org.testng.SuiteRunner.access$000(SuiteRunner.java:40)
at org.testng.SuiteRunner$SuiteWorker.run(SuiteRunner.java:489)
at org.testng.internal.thread.ThreadUtil$1.call(ThreadUtil.java:52)
at java.util.concurrent.FutureTask.run(FutureTask.java:266)
at java.util.concurrent.ThreadPoolExecutor.runWorker(ThreadPoolExecutor.java:1149)
at java.util.concurrent.ThreadPoolExecutor$Worker.run(ThreadPoolExecutor.java:624)
at java.lang.Thread.run(Thread.java:748)
]]>
            </full-stacktrace>
          </exception> <!-- org.testng.SkipException -->
          <reporter-output>
          </reporter-output>
        </test-method> <!-- gmaillogin -->
        <test-method status="PASS" signature="quit()[pri:0, instance:com.pge.hybrid.testcases.gmailsuite.GmailLogin@735b5592]" name="quit" is-config="true" duration-ms="133" started-at="2019-01-15T09:46:28Z" finished-at="2019-01-15T09:46:28Z">
          <reporter-output>
          </reporter-output>
        </test-method> <!-- quit -->
      </class> <!-- com.pge.hybrid.testcases.gmailsuite.GmailLogin -->
    </test> <!-- Gmail Sign In Test -->
  </suite> <!-- Gmail Suite -->
  <suite name="Facebook Suite" duration-ms="1320" started-at="2019-01-15T09:46:28Z" finished-at="2019-01-15T09:46:30Z">
    <groups>
    </groups>
    <test name="Facebook File Upload" duration-ms="867" started-at="2019-01-15T09:46:29Z" finished-at="2019-01-15T09:46:29Z">
      <class name="com.pge.hybrid.testcases.facebooksuite.UploadFiles">
        <test-method status="PASS" signature="init()[pri:0, instance:com.pge.hybrid.testcases.facebooksuite.UploadFiles@5c7fa833]" name="init" is-config="true" duration-ms="619" started-at="2019-01-15T09:46:29Z" finished-at="2019-01-15T09:46:29Z">
          <reporter-output>
          </reporter-output>
        </test-method> <!-- init -->
        <test-method status="PASS" signature="initTest()[pri:0, instance:com.pge.hybrid.testcases.facebooksuite.UploadFiles@5c7fa833]" name="initTest" is-config="true" duration-ms="82" started-at="2019-01-15T09:46:29Z" finished-at="2019-01-15T09:46:29Z">
          <reporter-output>
          </reporter-output>
        </test-method> <!-- initTest -->
        <test-method status="SKIP" signature="UploadFile(java.util.Hashtable)[pri:0, instance:com.pge.hybrid.testcases.facebooksuite.UploadFiles@5c7fa833]" name="UploadFile" duration-ms="0" started-at="2019-01-15T09:46:29Z" data-provider="getData" finished-at="2019-01-15T09:46:29Z">
          <params>
            <param index="0">
              <value>
                <![CDATA[{Username=, ExpectedResult=, url=https://imgur.com/upload, filePath=C:\\HybridFramework\\HybridFramework\\Files\\FileUpload.exe, Password=, Runmode=Y, Browser=Chrome}]]>
              </value>
            </param>
          </params>
          <exception class="org.testng.SkipException">
            <message>
              <![CDATA[Runmode is set to NO]]>
            </message>
            <full-stacktrace>
              <![CDATA[org.testng.SkipException: Runmode is set to NO
at com.pge.hybrid.testcases.facebooksuite.UploadFiles.UploadFile(UploadFiles.java:23)
at sun.reflect.NativeMethodAccessorImpl.invoke0(Native Method)
at sun.reflect.NativeMethodAccessorImpl.invoke(NativeMethodAccessorImpl.java:62)
at sun.reflect.DelegatingMethodAccessorImpl.invoke(DelegatingMethodAccessorImpl.java:43)
at java.lang.reflect.Method.invoke(Method.java:498)
at org.testng.internal.MethodInvocationHelper.invokeMethod(MethodInvocationHelper.java:124)
at org.testng.internal.Invoker.invokeMethod(Invoker.java:583)
at org.testng.internal.Invoker.invokeTestMethod(Invoker.java:719)
at org.testng.internal.Invoker.invokeTestMethods(Invoker.java:989)
at org.testng.internal.TestMethodWorker.invokeTestMethods(TestMethodWorker.java:125)
at org.testng.internal.TestMethodWorker.run(TestMethodWorker.java:109)
at org.testng.TestRunner.privateRun(TestRunner.java:648)
at org.testng.TestRunner.run(TestRunner.java:505)
at org.testng.SuiteRunner.runTest(SuiteRunner.java:455)
at org.testng.SuiteRunner.access$000(SuiteRunner.java:40)
at org.testng.SuiteRunner$SuiteWorker.run(SuiteRunner.java:489)
at org.testng.internal.thread.ThreadUtil$1.call(ThreadUtil.java:52)
at java.util.concurrent.FutureTask.run(FutureTask.java:266)
at java.util.concurrent.ThreadPoolExecutor.runWorker(ThreadPoolExecutor.java:1149)
at java.util.concurrent.ThreadPoolExecutor$Worker.run(ThreadPoolExecutor.java:624)
at java.lang.Thread.run(Thread.java:748)
]]>
            </full-stacktrace>
          </exception> <!-- org.testng.SkipException -->
          <reporter-output>
          </reporter-output>
        </test-method> <!-- UploadFile -->
        <test-method status="PASS" signature="quit()[pri:0, instance:com.pge.hybrid.testcases.facebooksuite.UploadFiles@5c7fa833]" name="quit" is-config="true" duration-ms="149" started-at="2019-01-15T09:46:29Z" finished-at="2019-01-15T09:46:29Z">
          <reporter-output>
          </reporter-output>
        </test-method> <!-- quit -->
      </class> <!-- com.pge.hybrid.testcases.facebooksuite.UploadFiles -->
    </test> <!-- Facebook File Upload -->
    <test name="Facebook Sign In Test" duration-ms="1320" started-at="2019-01-15T09:46:28Z" finished-at="2019-01-15T09:46:30Z">
      <class name="com.pge.hybrid.testcases.facebooksuite.FacebookTest">
        <test-method status="PASS" signature="init()[pri:0, instance:com.pge.hybrid.testcases.facebooksuite.FacebookTest@675d3402]" name="init" is-config="true" duration-ms="192" started-at="2019-01-15T09:46:28Z" finished-at="2019-01-15T09:46:29Z">
          <reporter-output>
          </reporter-output>
        </test-method> <!-- init -->
        <test-method status="SKIP" signature="AppScanSite(java.util.Hashtable)[pri:0, instance:com.pge.hybrid.testcases.facebooksuite.FacebookTest@675d3402]" name="AppScanSite" duration-ms="0" started-at="2019-01-15T09:46:29Z" data-provider="getData" finished-at="2019-01-15T09:46:29Z">
          <params>
            <param index="0">
              <value>
                <![CDATA[{Username=jsmith, url=http://demo.testfire.net/, Password=demo1234, Runmode=Y, Browser=Chrome}]]>
              </value>
            </param>
          </params>
          <exception class="org.testng.SkipException">
            <message>
              <![CDATA[Runmode is set to NO]]>
            </message>
            <full-stacktrace>
              <![CDATA[org.testng.SkipException: Runmode is set to NO
at com.pge.hybrid.testcases.facebooksuite.FacebookTest.AppScanSite(FacebookTest.java:35)
at sun.reflect.NativeMethodAccessorImpl.invoke0(Native Method)
at sun.reflect.NativeMethodAccessorImpl.invoke(NativeMethodAccessorImpl.java:62)
at sun.reflect.DelegatingMethodAccessorImpl.invoke(DelegatingMethodAccessorImpl.java:43)
at java.lang.reflect.Method.invoke(Method.java:498)
at org.testng.internal.MethodInvocationHelper.invokeMethod(MethodInvocationHelper.java:124)
at org.testng.internal.Invoker.invokeMethod(Invoker.java:583)
at org.testng.internal.Invoker.invokeTestMethod(Invoker.java:719)
at org.testng.internal.Invoker.invokeTestMethods(Invoker.java:989)
at org.testng.internal.TestMethodWorker.invokeTestMethods(TestMethodWorker.java:125)
at org.testng.internal.TestMethodWorker.run(TestMethodWorker.java:109)
at org.testng.TestRunner.privateRun(TestRunner.java:648)
at org.testng.TestRunner.run(TestRunner.java:505)
at org.testng.SuiteRunner.runTest(SuiteRunner.java:455)
at org.testng.SuiteRunner.access$000(SuiteRunner.java:40)
at org.testng.SuiteRunner$SuiteWorker.run(SuiteRunner.java:489)
at org.testng.internal.thread.ThreadUtil$1.call(ThreadUtil.java:52)
at java.util.concurrent.FutureTask.run(FutureTask.java:266)
at java.util.concurrent.ThreadPoolExecutor.runWorker(ThreadPoolExecutor.java:1149)
at java.util.concurrent.ThreadPoolExecutor$Worker.run(ThreadPoolExecutor.java:624)
at java.lang.Thread.run(Thread.java:748)
]]>
            </full-stacktrace>
          </exception> <!-- org.testng.SkipException -->
          <reporter-output>
          </reporter-output>
        </test-method> <!-- AppScanSite -->
        <test-method status="PASS" signature="quit()[pri:0, instance:com.pge.hybrid.testcases.facebooksuite.FacebookTest@675d3402]" name="quit" is-config="true" duration-ms="785" started-at="2019-01-15T09:46:29Z" finished-at="2019-01-15T09:46:29Z">
          <reporter-output>
          </reporter-output>
        </test-method> <!-- quit -->
        <test-method status="PASS" signature="initTest()[pri:0, instance:com.pge.hybrid.testcases.facebooksuite.FacebookTest@675d3402]" name="initTest" is-config="true" duration-ms="0" started-at="2019-01-15T09:46:29Z" finished-at="2019-01-15T09:46:29Z">
          <reporter-output>
          </reporter-output>
        </test-method> <!-- initTest -->
        <test-method status="PASS" signature="initTest()[pri:0, instance:com.pge.hybrid.testcases.facebooksuite.FacebookTest@675d3402]" name="initTest" is-config="true" duration-ms="32" started-at="2019-01-15T09:46:29Z" finished-at="2019-01-15T09:46:29Z">
          <reporter-output>
          </reporter-output>
        </test-method> <!-- initTest -->
        <test-method status="PASS" signature="quit()[pri:0, instance:com.pge.hybrid.testcases.facebooksuite.FacebookTest@675d3402]" name="quit" is-config="true" duration-ms="163" started-at="2019-01-15T09:46:29Z" finished-at="2019-01-15T09:46:30Z">
          <reporter-output>
          </reporter-output>
        </test-method> <!-- quit -->
        <test-method status="SKIP" signature="facebookLogin(java.util.Hashtable)[pri:0, instance:com.pge.hybrid.testcases.facebooksuite.FacebookTest@675d3402]" name="facebookLogin" duration-ms="0" started-at="2019-01-15T09:46:29Z" data-provider="getData" finished-at="2019-01-15T09:46:29Z">
          <params>
            <param index="0">
              <value>
                <![CDATA[{Username=shekhar_20_nice@yahoo.co.in, ExpectedResult=Success, url=https://www.facebook.com, filePath=C:\\HybridFramework\\HybridFramework\\Files\\FileUpload.exe, Password=, Runmode=Y, Browser=Chrome}]]>
              </value>
            </param>
          </params>
          <exception class="org.testng.SkipException">
            <message>
              <![CDATA[Runmode is set to NO]]>
            </message>
            <full-stacktrace>
              <![CDATA[org.testng.SkipException: Runmode is set to NO
at com.pge.hybrid.testcases.facebooksuite.FacebookTest.facebookLogin(FacebookTest.java:22)
at sun.reflect.NativeMethodAccessorImpl.invoke0(Native Method)
at sun.reflect.NativeMethodAccessorImpl.invoke(NativeMethodAccessorImpl.java:62)
at sun.reflect.DelegatingMethodAccessorImpl.invoke(DelegatingMethodAccessorImpl.java:43)
at java.lang.reflect.Method.invoke(Method.java:498)
at org.testng.internal.MethodInvocationHelper.invokeMethod(MethodInvocationHelper.java:124)
at org.testng.internal.Invoker.invokeMethod(Invoker.java:583)
at org.testng.internal.Invoker.invokeTestMethod(Invoker.java:719)
at org.testng.internal.Invoker.invokeTestMethods(Invoker.java:989)
at org.testng.internal.TestMethodWorker.invokeTestMethods(TestMethodWorker.java:125)
at org.testng.internal.TestMethodWorker.run(TestMethodWorker.java:109)
at org.testng.TestRunner.privateRun(TestRunner.java:648)
at org.testng.TestRunner.run(TestRunner.java:505)
at org.testng.SuiteRunner.runTest(SuiteRunner.java:455)
at org.testng.SuiteRunner.access$000(SuiteRunner.java:40)
at org.testng.SuiteRunner$SuiteWorker.run(SuiteRunner.java:489)
at org.testng.internal.thread.ThreadUtil$1.call(ThreadUtil.java:52)
at java.util.concurrent.FutureTask.run(FutureTask.java:266)
at java.util.concurrent.ThreadPoolExecutor.runWorker(ThreadPoolExecutor.java:1149)
at java.util.concurrent.ThreadPoolExecutor$Worker.run(ThreadPoolExecutor.java:624)
at java.lang.Thread.run(Thread.java:748)
]]>
            </full-stacktrace>
          </exception> <!-- org.testng.SkipException -->
          <reporter-output>
          </reporter-output>
        </test-method> <!-- facebookLogin -->
        <test-method status="PASS" signature="initTest()[pri:0, instance:com.pge.hybrid.testcases.facebooksuite.FacebookTest@675d3402]" name="initTest" is-config="true" duration-ms="0" started-at="2019-01-15T09:46:30Z" finished-at="2019-01-15T09:46:30Z">
          <reporter-output>
          </reporter-output>
        </test-method> <!-- initTest -->
        <test-method status="SKIP" signature="facebookLogin(java.util.Hashtable)[pri:0, instance:com.pge.hybrid.testcases.facebooksuite.FacebookTest@675d3402]" name="facebookLogin" duration-ms="0" started-at="2019-01-15T09:46:30Z" data-provider="getData" finished-at="2019-01-15T09:46:30Z">
          <params>
            <param index="0">
              <value>
                <![CDATA[{Username=shekhar_20_nice@yahoo.co.in, ExpectedResult=Success, url=https://www.facebook.com, filePath=C:\\HybridFramework\\HybridFramework\\Files\\FileUpload.exe, Password=, Runmode=N, Browser=IE}]]>
              </value>
            </param>
          </params>
          <exception class="org.testng.SkipException">
            <message>
              <![CDATA[Runmode is set to NO]]>
            </message>
            <full-stacktrace>
              <![CDATA[org.testng.SkipException: Runmode is set to NO
at com.pge.hybrid.testcases.facebooksuite.FacebookTest.facebookLogin(FacebookTest.java:22)
at sun.reflect.NativeMethodAccessorImpl.invoke0(Native Method)
at sun.reflect.NativeMethodAccessorImpl.invoke(NativeMethodAccessorImpl.java:62)
at sun.reflect.DelegatingMethodAccessorImpl.invoke(DelegatingMethodAccessorImpl.java:43)
at java.lang.reflect.Method.invoke(Method.java:498)
at org.testng.internal.MethodInvocationHelper.invokeMethod(MethodInvocationHelper.java:124)
at org.testng.internal.Invoker.invokeMethod(Invoker.java:583)
at org.testng.internal.Invoker.invokeTestMethod(Invoker.java:719)
at org.testng.internal.Invoker.invokeTestMethods(Invoker.java:989)
at org.testng.internal.TestMethodWorker.invokeTestMethods(TestMethodWorker.java:125)
at org.testng.internal.TestMethodWorker.run(TestMethodWorker.java:109)
at org.testng.TestRunner.privateRun(TestRunner.java:648)
at org.testng.TestRunner.run(TestRunner.java:505)
at org.testng.SuiteRunner.runTest(SuiteRunner.java:455)
at org.testng.SuiteRunner.access$000(SuiteRunner.java:40)
at org.testng.SuiteRunner$SuiteWorker.run(SuiteRunner.java:489)
at org.testng.internal.thread.ThreadUtil$1.call(ThreadUtil.java:52)
at java.util.concurrent.FutureTask.run(FutureTask.java:266)
at java.util.concurrent.ThreadPoolExecutor.runWorker(ThreadPoolExecutor.java:1149)
at java.util.concurrent.ThreadPoolExecutor$Worker.run(ThreadPoolExecutor.java:624)
at java.lang.Thread.run(Thread.java:748)
]]>
            </full-stacktrace>
          </exception> <!-- org.testng.SkipException -->
          <reporter-output>
          </reporter-output>
        </test-method> <!-- facebookLogin -->
        <test-method status="PASS" signature="quit()[pri:0, instance:com.pge.hybrid.testcases.facebooksuite.FacebookTest@675d3402]" name="quit" is-config="true" duration-ms="113" started-at="2019-01-15T09:46:30Z" finished-at="2019-01-15T09:46:30Z">
          <reporter-output>
          </reporter-output>
        </test-method> <!-- quit -->
      </class> <!-- com.pge.hybrid.testcases.facebooksuite.FacebookTest -->
    </test> <!-- Facebook Sign In Test -->
  </suite> <!-- Facebook Suite -->
</testng-results>
