<?xml version="1.0" encoding="UTF-8"?>
<!-- Generated by org.testng.reporters.JUnitXMLReporter -->
<testsuite hostname="DESKTOP-84KGOP9" ignored="0" name="Gmail Sign Up Test" tests="2" failures="0" timestamp="30 Nov 2018 11:57:33 GMT" time="0.866" errors="0">
  <testcase name="GmailSignUp" time="0.002" classname="com.pge.hybrid.testcases.gmailsuite.GmailSignUp">
    <skipped/>
  </testcase> <!-- GmailSignUp -->
  <testcase name="GmailSignUp" time="0.003" classname="com.pge.hybrid.testcases.gmailsuite.GmailSignUp">
    <skipped/>
  </testcase> <!-- GmailSignUp -->
</testsuite> <!-- Gmail Sign Up Test -->
