<?xml version="1.0" encoding="UTF-8"?>
<!-- Generated by org.testng.reporters.JUnitXMLReporter -->
<testsuite hostname="DESKTOP-84KGOP9" ignored="0" name="Gmail Sign Up Test" tests="2" failures="2" timestamp="28 Nov 2018 12:50:45 GMT" time="22.804" errors="0">
  <testcase name="GmailSignUp" time="9.378" classname="com.pge.hybrid.testcases.gmailsuite.GmailSignUp">
    <failure type="java.lang.reflect.InvocationTargetException">
      <![CDATA[java.lang.reflect.InvocationTargetException
at com.pge.hybrid.driver.DriverScript.executeKeywords(DriverScript.java:47)
at com.pge.hybrid.testcases.gmailsuite.GmailSignUp.GmailSignUp(GmailSignUp.java:23)
at java.util.concurrent.FutureTask.run(FutureTask.java:266)
at java.util.concurrent.ThreadPoolExecutor.runWorker(ThreadPoolExecutor.java:1149)
at java.util.concurrent.ThreadPoolExecutor$Worker.run(ThreadPoolExecutor.java:624)
at java.lang.Thread.run(Thread.java:748)
Caused by: java.lang.NullPointerException: null value in entry: url=null
at com.google.common.collect.CollectPreconditions.checkEntryNotNull(CollectPreconditions.java:34)
at com.google.common.collect.SingletonImmutableBiMap.<init>(SingletonImmutableBiMap.java:42)
at com.google.common.collect.ImmutableBiMap.of(ImmutableBiMap.java:73)
at com.google.common.collect.ImmutableMap.of(ImmutableMap.java:123)
at org.openqa.selenium.remote.RemoteWebDriver.get(RemoteWebDriver.java:276)
at com.pge.hybrid.keywords.GenericKeywords.navigate(GenericKeywords.java:142)
... 26 more
... Removed 20 stack frames]]>
    </failure>
  </testcase> <!-- GmailSignUp -->
  <testcase name="GmailSignUp" time="8.188" classname="com.pge.hybrid.testcases.gmailsuite.GmailSignUp">
    <failure type="java.lang.reflect.InvocationTargetException">
      <![CDATA[java.lang.reflect.InvocationTargetException
at com.pge.hybrid.driver.DriverScript.executeKeywords(DriverScript.java:47)
at com.pge.hybrid.testcases.gmailsuite.GmailSignUp.GmailSignUp(GmailSignUp.java:23)
at java.util.concurrent.FutureTask.run(FutureTask.java:266)
at java.util.concurrent.ThreadPoolExecutor.runWorker(ThreadPoolExecutor.java:1149)
at java.util.concurrent.ThreadPoolExecutor$Worker.run(ThreadPoolExecutor.java:624)
at java.lang.Thread.run(Thread.java:748)
Caused by: java.lang.NullPointerException: null value in entry: url=null
at com.google.common.collect.CollectPreconditions.checkEntryNotNull(CollectPreconditions.java:34)
at com.google.common.collect.SingletonImmutableBiMap.<init>(SingletonImmutableBiMap.java:42)
at com.google.common.collect.ImmutableBiMap.of(ImmutableBiMap.java:73)
at com.google.common.collect.ImmutableMap.of(ImmutableMap.java:123)
at org.openqa.selenium.remote.RemoteWebDriver.get(RemoteWebDriver.java:276)
at com.pge.hybrid.keywords.GenericKeywords.navigate(GenericKeywords.java:142)
... 26 more
... Removed 20 stack frames]]>
    </failure>
  </testcase> <!-- GmailSignUp -->
</testsuite> <!-- Gmail Sign Up Test -->
