<?xml version="1.0" encoding="UTF-8"?>
<testng-results skipped="5" failed="4" ignored="0" total="9" passed="0">
  <reporter-output>
  </reporter-output>
  <suite name="Yahoo Suite" duration-ms="105556" started-at="2019-01-16T15:58:04Z" finished-at="2019-01-16T15:59:50Z">
    <groups>
    </groups>
    <test name="Yahoo Sign up Test" duration-ms="5879" started-at="2019-01-16T15:58:04Z" finished-at="2019-01-16T15:58:10Z">
      <class name="com.pge.hybrid.testcases.yahoosuite.YahooSignUp">
        <test-method status="PASS" signature="init()[pri:0, instance:com.pge.hybrid.testcases.yahoosuite.YahooSignUp@1fdfafd2]" name="init" is-config="true" duration-ms="2498" started-at="2019-01-16T15:58:04Z" finished-at="2019-01-16T15:58:07Z">
          <reporter-output>
          </reporter-output>
        </test-method> <!-- init -->
        <test-method status="PASS" signature="initTest()[pri:0, instance:com.pge.hybrid.testcases.yahoosuite.YahooSignUp@1fdfafd2]" name="initTest" is-config="true" duration-ms="1478" started-at="2019-01-16T15:58:08Z" finished-at="2019-01-16T15:58:10Z">
          <reporter-output>
          </reporter-output>
        </test-method> <!-- initTest -->
        <test-method status="SKIP" signature="YahooSignUp(java.util.Hashtable)[pri:0, instance:com.pge.hybrid.testcases.yahoosuite.YahooSignUp@1fdfafd2]" name="YahooSignUp" duration-ms="0" started-at="2019-01-16T15:58:10Z" data-provider="getData" finished-at="2019-01-16T15:58:10Z">
          <params>
            <param index="0">
              <value>
                <![CDATA[{Year=1986.0, LN=Sharma, FN=Shekhar, BirthMonth=May, Runmode=Y, Mobile=9.999999999E9, Email=sharmashekhar8686, Day=17.0, Browser=Chrome}]]>
              </value>
            </param>
          </params>
          <exception class="org.testng.SkipException">
            <message>
              <![CDATA[Runmode is set to NO]]>
            </message>
            <full-stacktrace>
              <![CDATA[org.testng.SkipException: Runmode is set to NO
at com.pge.hybrid.testcases.yahoosuite.YahooSignUp.YahooSignUp(YahooSignUp.java:21)
at sun.reflect.NativeMethodAccessorImpl.invoke0(Native Method)
at sun.reflect.NativeMethodAccessorImpl.invoke(NativeMethodAccessorImpl.java:62)
at sun.reflect.DelegatingMethodAccessorImpl.invoke(DelegatingMethodAccessorImpl.java:43)
at java.lang.reflect.Method.invoke(Method.java:498)
at org.testng.internal.MethodInvocationHelper.invokeMethod(MethodInvocationHelper.java:124)
at org.testng.internal.Invoker.invokeMethod(Invoker.java:583)
at org.testng.internal.Invoker.invokeTestMethod(Invoker.java:719)
at org.testng.internal.Invoker.invokeTestMethods(Invoker.java:989)
at org.testng.internal.TestMethodWorker.invokeTestMethods(TestMethodWorker.java:125)
at org.testng.internal.TestMethodWorker.run(TestMethodWorker.java:109)
at org.testng.TestRunner.privateRun(TestRunner.java:648)
at org.testng.TestRunner.run(TestRunner.java:505)
at org.testng.SuiteRunner.runTest(SuiteRunner.java:455)
at org.testng.SuiteRunner.access$000(SuiteRunner.java:40)
at org.testng.SuiteRunner$SuiteWorker.run(SuiteRunner.java:489)
at org.testng.internal.thread.ThreadUtil$1.call(ThreadUtil.java:52)
at java.util.concurrent.FutureTask.run(FutureTask.java:266)
at java.util.concurrent.ThreadPoolExecutor.runWorker(ThreadPoolExecutor.java:1149)
at java.util.concurrent.ThreadPoolExecutor$Worker.run(ThreadPoolExecutor.java:624)
at java.lang.Thread.run(Thread.java:748)
]]>
            </full-stacktrace>
          </exception> <!-- org.testng.SkipException -->
          <reporter-output>
          </reporter-output>
        </test-method> <!-- YahooSignUp -->
        <test-method status="PASS" signature="quit()[pri:0, instance:com.pge.hybrid.testcases.yahoosuite.YahooSignUp@1fdfafd2]" name="quit" is-config="true" duration-ms="331" started-at="2019-01-16T15:58:10Z" finished-at="2019-01-16T15:58:10Z">
          <reporter-output>
          </reporter-output>
        </test-method> <!-- quit -->
      </class> <!-- com.pge.hybrid.testcases.yahoosuite.YahooSignUp -->
    </test> <!-- Yahoo Sign up Test -->
    <test name="Yahoo Sign In Test" duration-ms="105556" started-at="2019-01-16T15:58:04Z" finished-at="2019-01-16T15:59:50Z">
      <class name="com.pge.hybrid.testcases.yahoosuite.YahooSignIn">
        <test-method status="PASS" signature="init()[pri:0, instance:com.pge.hybrid.testcases.yahoosuite.YahooSignIn@422c3c7a]" name="init" is-config="true" duration-ms="3172" started-at="2019-01-16T15:58:04Z" finished-at="2019-01-16T15:58:07Z">
          <reporter-output>
          </reporter-output>
        </test-method> <!-- init -->
        <test-method status="PASS" signature="initTest()[pri:0, instance:com.pge.hybrid.testcases.yahoosuite.YahooSignIn@422c3c7a]" name="initTest" is-config="true" duration-ms="385" started-at="2019-01-16T15:58:08Z" finished-at="2019-01-16T15:58:09Z">
          <reporter-output>
          </reporter-output>
        </test-method> <!-- initTest -->
        <test-method status="FAIL" signature="yahooSignIn(java.util.Hashtable)[pri:0, instance:com.pge.hybrid.testcases.yahoosuite.YahooSignIn@422c3c7a]" name="yahooSignIn" duration-ms="99515" started-at="2019-01-16T15:58:09Z" data-provider="getData" finished-at="2019-01-16T15:59:48Z">
          <params>
            <param index="0">
              <value>
                <![CDATA[{Username=shekhar, url=https://login.yahoo.com/, Password=1234, Runmode=Y, Browser=Mozilla}]]>
              </value>
            </param>
          </params>
          <exception class="java.lang.reflect.InvocationTargetException">
            <full-stacktrace>
              <![CDATA[java.lang.reflect.InvocationTargetException
at sun.reflect.NativeMethodAccessorImpl.invoke0(Native Method)
at sun.reflect.NativeMethodAccessorImpl.invoke(NativeMethodAccessorImpl.java:62)
at sun.reflect.DelegatingMethodAccessorImpl.invoke(DelegatingMethodAccessorImpl.java:43)
at java.lang.reflect.Method.invoke(Method.java:498)
at com.pge.hybrid.driver.DriverScript.executeKeywords(DriverScript.java:47)
at com.pge.hybrid.testcases.yahoosuite.YahooSignIn.yahooSignIn(YahooSignIn.java:23)
at sun.reflect.NativeMethodAccessorImpl.invoke0(Native Method)
at sun.reflect.NativeMethodAccessorImpl.invoke(NativeMethodAccessorImpl.java:62)
at sun.reflect.DelegatingMethodAccessorImpl.invoke(DelegatingMethodAccessorImpl.java:43)
at java.lang.reflect.Method.invoke(Method.java:498)
at org.testng.internal.MethodInvocationHelper.invokeMethod(MethodInvocationHelper.java:124)
at org.testng.internal.Invoker.invokeMethod(Invoker.java:583)
at org.testng.internal.Invoker.invokeTestMethod(Invoker.java:719)
at org.testng.internal.Invoker.invokeTestMethods(Invoker.java:989)
at org.testng.internal.TestMethodWorker.invokeTestMethods(TestMethodWorker.java:125)
at org.testng.internal.TestMethodWorker.run(TestMethodWorker.java:109)
at org.testng.TestRunner.privateRun(TestRunner.java:648)
at org.testng.TestRunner.run(TestRunner.java:505)
at org.testng.SuiteRunner.runTest(SuiteRunner.java:455)
at org.testng.SuiteRunner.access$000(SuiteRunner.java:40)
at org.testng.SuiteRunner$SuiteWorker.run(SuiteRunner.java:489)
at org.testng.internal.thread.ThreadUtil$1.call(ThreadUtil.java:52)
at java.util.concurrent.FutureTask.run(FutureTask.java:266)
at java.util.concurrent.ThreadPoolExecutor.runWorker(ThreadPoolExecutor.java:1149)
at java.util.concurrent.ThreadPoolExecutor$Worker.run(ThreadPoolExecutor.java:624)
at java.lang.Thread.run(Thread.java:748)
Caused by: java.lang.AssertionError: The following asserts failed:
Object Not Found yahoo_pwd_id
at org.testng.asserts.SoftAssert.assertAll(SoftAssert.java:43)
at com.pge.hybrid.keywords.GenericKeywords.reportFailure(GenericKeywords.java:374)
at com.pge.hybrid.keywords.GenericKeywords.getObject(GenericKeywords.java:307)
at com.pge.hybrid.keywords.AppKeywords.yahooLogin(AppKeywords.java:61)
... 26 more
]]>
            </full-stacktrace>
          </exception> <!-- java.lang.reflect.InvocationTargetException -->
          <reporter-output>
          </reporter-output>
        </test-method> <!-- yahooSignIn -->
        <test-method status="PASS" signature="quit()[pri:0, instance:com.pge.hybrid.testcases.yahoosuite.YahooSignIn@422c3c7a]" name="quit" is-config="true" duration-ms="1528" started-at="2019-01-16T15:59:48Z" finished-at="2019-01-16T15:59:50Z">
          <reporter-output>
          </reporter-output>
        </test-method> <!-- quit -->
      </class> <!-- com.pge.hybrid.testcases.yahoosuite.YahooSignIn -->
    </test> <!-- Yahoo Sign In Test -->
  </suite> <!-- Yahoo Suite -->
  <suite name="My suite" duration-ms="0" started-at="2019-01-16T16:00:23Z" finished-at="2019-01-16T16:00:23Z">
    <groups>
    </groups>
  </suite> <!-- My suite -->
  <suite name="Gmail Suite" duration-ms="73257" started-at="2019-01-16T15:58:04Z" finished-at="2019-01-16T15:59:17Z">
    <groups>
    </groups>
    <test name="Gmail Sign Up Test" duration-ms="6385" started-at="2019-01-16T15:58:04Z" finished-at="2019-01-16T15:58:10Z">
      <class name="com.pge.hybrid.testcases.gmailsuite.GmailSignUp">
        <test-method status="PASS" signature="init()[pri:0, instance:com.pge.hybrid.testcases.gmailsuite.GmailSignUp@590c73d3]" name="init" is-config="true" duration-ms="2955" started-at="2019-01-16T15:58:04Z" finished-at="2019-01-16T15:58:07Z">
          <reporter-output>
          </reporter-output>
        </test-method> <!-- init -->
        <test-method status="PASS" signature="initTest()[pri:0, instance:com.pge.hybrid.testcases.gmailsuite.GmailSignUp@590c73d3]" name="initTest" is-config="true" duration-ms="1178" started-at="2019-01-16T15:58:09Z" finished-at="2019-01-16T15:58:10Z">
          <reporter-output>
          </reporter-output>
        </test-method> <!-- initTest -->
        <test-method status="SKIP" signature="GmailSignUp(java.util.Hashtable)[pri:0, instance:com.pge.hybrid.testcases.gmailsuite.GmailSignUp@590c73d3]" name="GmailSignUp" duration-ms="4" started-at="2019-01-16T15:58:10Z" data-provider="getData" finished-at="2019-01-16T15:58:10Z">
          <params>
            <param index="0">
              <value>
                <![CDATA[{Runmode=Y, FN=Shekhar, LN=Sharma, Browser=Chrome}]]>
              </value>
            </param>
          </params>
          <exception class="org.testng.SkipException">
            <message>
              <![CDATA[Runmode is set to NO]]>
            </message>
            <full-stacktrace>
              <![CDATA[org.testng.SkipException: Runmode is set to NO
at com.pge.hybrid.testcases.gmailsuite.GmailSignUp.GmailSignUp(GmailSignUp.java:21)
at sun.reflect.NativeMethodAccessorImpl.invoke0(Native Method)
at sun.reflect.NativeMethodAccessorImpl.invoke(NativeMethodAccessorImpl.java:62)
at sun.reflect.DelegatingMethodAccessorImpl.invoke(DelegatingMethodAccessorImpl.java:43)
at java.lang.reflect.Method.invoke(Method.java:498)
at org.testng.internal.MethodInvocationHelper.invokeMethod(MethodInvocationHelper.java:124)
at org.testng.internal.Invoker.invokeMethod(Invoker.java:583)
at org.testng.internal.Invoker.invokeTestMethod(Invoker.java:719)
at org.testng.internal.Invoker.invokeTestMethods(Invoker.java:989)
at org.testng.internal.TestMethodWorker.invokeTestMethods(TestMethodWorker.java:125)
at org.testng.internal.TestMethodWorker.run(TestMethodWorker.java:109)
at org.testng.TestRunner.privateRun(TestRunner.java:648)
at org.testng.TestRunner.run(TestRunner.java:505)
at org.testng.SuiteRunner.runTest(SuiteRunner.java:455)
at org.testng.SuiteRunner.access$000(SuiteRunner.java:40)
at org.testng.SuiteRunner$SuiteWorker.run(SuiteRunner.java:489)
at org.testng.internal.thread.ThreadUtil$1.call(ThreadUtil.java:52)
at java.util.concurrent.FutureTask.run(FutureTask.java:266)
at java.util.concurrent.ThreadPoolExecutor.runWorker(ThreadPoolExecutor.java:1149)
at java.util.concurrent.ThreadPoolExecutor$Worker.run(ThreadPoolExecutor.java:624)
at java.lang.Thread.run(Thread.java:748)
]]>
            </full-stacktrace>
          </exception> <!-- org.testng.SkipException -->
          <reporter-output>
          </reporter-output>
        </test-method> <!-- GmailSignUp -->
        <test-method status="PASS" signature="quit()[pri:0, instance:com.pge.hybrid.testcases.gmailsuite.GmailSignUp@590c73d3]" name="quit" is-config="true" duration-ms="167" started-at="2019-01-16T15:58:10Z" finished-at="2019-01-16T15:58:10Z">
          <reporter-output>
          </reporter-output>
        </test-method> <!-- quit -->
        <test-method status="SKIP" signature="GmailSignUp(java.util.Hashtable)[pri:0, instance:com.pge.hybrid.testcases.gmailsuite.GmailSignUp@590c73d3]" name="GmailSignUp" duration-ms="4" started-at="2019-01-16T15:58:10Z" data-provider="getData" finished-at="2019-01-16T15:58:10Z">
          <params>
            <param index="0">
              <value>
                <![CDATA[{Runmode=Y, FN=Pankaj, LN=Jasrotia, Browser=Mozilla}]]>
              </value>
            </param>
          </params>
          <exception class="org.testng.SkipException">
            <message>
              <![CDATA[Runmode is set to NO]]>
            </message>
            <full-stacktrace>
              <![CDATA[org.testng.SkipException: Runmode is set to NO
at com.pge.hybrid.testcases.gmailsuite.GmailSignUp.GmailSignUp(GmailSignUp.java:21)
at sun.reflect.NativeMethodAccessorImpl.invoke0(Native Method)
at sun.reflect.NativeMethodAccessorImpl.invoke(NativeMethodAccessorImpl.java:62)
at sun.reflect.DelegatingMethodAccessorImpl.invoke(DelegatingMethodAccessorImpl.java:43)
at java.lang.reflect.Method.invoke(Method.java:498)
at org.testng.internal.MethodInvocationHelper.invokeMethod(MethodInvocationHelper.java:124)
at org.testng.internal.Invoker.invokeMethod(Invoker.java:583)
at org.testng.internal.Invoker.invokeTestMethod(Invoker.java:719)
at org.testng.internal.Invoker.invokeTestMethods(Invoker.java:989)
at org.testng.internal.TestMethodWorker.invokeTestMethods(TestMethodWorker.java:125)
at org.testng.internal.TestMethodWorker.run(TestMethodWorker.java:109)
at org.testng.TestRunner.privateRun(TestRunner.java:648)
at org.testng.TestRunner.run(TestRunner.java:505)
at org.testng.SuiteRunner.runTest(SuiteRunner.java:455)
at org.testng.SuiteRunner.access$000(SuiteRunner.java:40)
at org.testng.SuiteRunner$SuiteWorker.run(SuiteRunner.java:489)
at org.testng.internal.thread.ThreadUtil$1.call(ThreadUtil.java:52)
at java.util.concurrent.FutureTask.run(FutureTask.java:266)
at java.util.concurrent.ThreadPoolExecutor.runWorker(ThreadPoolExecutor.java:1149)
at java.util.concurrent.ThreadPoolExecutor$Worker.run(ThreadPoolExecutor.java:624)
at java.lang.Thread.run(Thread.java:748)
]]>
            </full-stacktrace>
          </exception> <!-- org.testng.SkipException -->
          <reporter-output>
          </reporter-output>
        </test-method> <!-- GmailSignUp -->
        <test-method status="PASS" signature="initTest()[pri:0, instance:com.pge.hybrid.testcases.gmailsuite.GmailSignUp@590c73d3]" name="initTest" is-config="true" duration-ms="0" started-at="2019-01-16T15:58:10Z" finished-at="2019-01-16T15:58:10Z">
          <reporter-output>
          </reporter-output>
        </test-method> <!-- initTest -->
        <test-method status="PASS" signature="quit()[pri:0, instance:com.pge.hybrid.testcases.gmailsuite.GmailSignUp@590c73d3]" name="quit" is-config="true" duration-ms="396" started-at="2019-01-16T15:58:10Z" finished-at="2019-01-16T15:58:10Z">
          <reporter-output>
          </reporter-output>
        </test-method> <!-- quit -->
      </class> <!-- com.pge.hybrid.testcases.gmailsuite.GmailSignUp -->
    </test> <!-- Gmail Sign Up Test -->
    <test name="Gmail Sign In Test" duration-ms="73257" started-at="2019-01-16T15:58:04Z" finished-at="2019-01-16T15:59:17Z">
      <class name="com.pge.hybrid.testcases.gmailsuite.GmailLogin">
        <test-method status="PASS" signature="init()[pri:0, instance:com.pge.hybrid.testcases.gmailsuite.GmailLogin@40499e4f]" name="init" is-config="true" duration-ms="3436" started-at="2019-01-16T15:58:04Z" finished-at="2019-01-16T15:58:08Z">
          <reporter-output>
          </reporter-output>
        </test-method> <!-- init -->
        <test-method status="PASS" signature="initTest()[pri:0, instance:com.pge.hybrid.testcases.gmailsuite.GmailLogin@40499e4f]" name="initTest" is-config="true" duration-ms="461" started-at="2019-01-16T15:58:09Z" finished-at="2019-01-16T15:58:10Z">
          <reporter-output>
          </reporter-output>
        </test-method> <!-- initTest -->
        <test-method status="FAIL" signature="gmaillogin(java.util.Hashtable)[pri:0, instance:com.pge.hybrid.testcases.gmailsuite.GmailLogin@40499e4f]" name="gmaillogin" duration-ms="66903" started-at="2019-01-16T15:58:10Z" data-provider="getData" finished-at="2019-01-16T15:59:17Z">
          <params>
            <param index="0">
              <value>
                <![CDATA[{Username=sharmashekhar86, ExpectedResult=Loginsuccess, url=https://www.google.com/intl/en-GB/gmail/about/#, Password=hello, Runmode=Y, Browser=Chrome}]]>
              </value>
            </param>
          </params>
          <exception class="java.lang.reflect.InvocationTargetException">
            <full-stacktrace>
              <![CDATA[java.lang.reflect.InvocationTargetException
at sun.reflect.NativeMethodAccessorImpl.invoke0(Native Method)
at sun.reflect.NativeMethodAccessorImpl.invoke(NativeMethodAccessorImpl.java:62)
at sun.reflect.DelegatingMethodAccessorImpl.invoke(DelegatingMethodAccessorImpl.java:43)
at java.lang.reflect.Method.invoke(Method.java:498)
at com.pge.hybrid.driver.DriverScript.executeKeywords(DriverScript.java:47)
at com.pge.hybrid.testcases.gmailsuite.GmailLogin.gmaillogin(GmailLogin.java:23)
at sun.reflect.NativeMethodAccessorImpl.invoke0(Native Method)
at sun.reflect.NativeMethodAccessorImpl.invoke(NativeMethodAccessorImpl.java:62)
at sun.reflect.DelegatingMethodAccessorImpl.invoke(DelegatingMethodAccessorImpl.java:43)
at java.lang.reflect.Method.invoke(Method.java:498)
at org.testng.internal.MethodInvocationHelper.invokeMethod(MethodInvocationHelper.java:124)
at org.testng.internal.Invoker.invokeMethod(Invoker.java:583)
at org.testng.internal.Invoker.invokeTestMethod(Invoker.java:719)
at org.testng.internal.Invoker.invokeTestMethods(Invoker.java:989)
at org.testng.internal.TestMethodWorker.invokeTestMethods(TestMethodWorker.java:125)
at org.testng.internal.TestMethodWorker.run(TestMethodWorker.java:109)
at org.testng.TestRunner.privateRun(TestRunner.java:648)
at org.testng.TestRunner.run(TestRunner.java:505)
at org.testng.SuiteRunner.runTest(SuiteRunner.java:455)
at org.testng.SuiteRunner.access$000(SuiteRunner.java:40)
at org.testng.SuiteRunner$SuiteWorker.run(SuiteRunner.java:489)
at org.testng.internal.thread.ThreadUtil$1.call(ThreadUtil.java:52)
at java.util.concurrent.FutureTask.run(FutureTask.java:266)
at java.util.concurrent.ThreadPoolExecutor.runWorker(ThreadPoolExecutor.java:1149)
at java.util.concurrent.ThreadPoolExecutor$Worker.run(ThreadPoolExecutor.java:624)
at java.lang.Thread.run(Thread.java:748)
Caused by: java.lang.AssertionError: The following asserts failed:
Object Not Found username_id
at org.testng.asserts.SoftAssert.assertAll(SoftAssert.java:43)
at com.pge.hybrid.keywords.GenericKeywords.reportFailure(GenericKeywords.java:374)
at com.pge.hybrid.keywords.GenericKeywords.getObject(GenericKeywords.java:307)
at com.pge.hybrid.keywords.AppKeywords.gmailLogin(AppKeywords.java:32)
... 26 more
]]>
            </full-stacktrace>
          </exception> <!-- java.lang.reflect.InvocationTargetException -->
          <reporter-output>
          </reporter-output>
        </test-method> <!-- gmaillogin -->
        <test-method status="PASS" signature="quit()[pri:0, instance:com.pge.hybrid.testcases.gmailsuite.GmailLogin@40499e4f]" name="quit" is-config="true" duration-ms="540" started-at="2019-01-16T15:59:17Z" finished-at="2019-01-16T15:59:17Z">
          <reporter-output>
          </reporter-output>
        </test-method> <!-- quit -->
      </class> <!-- com.pge.hybrid.testcases.gmailsuite.GmailLogin -->
    </test> <!-- Gmail Sign In Test -->
  </suite> <!-- Gmail Suite -->
  <suite name="Facebook Suite" duration-ms="138052" started-at="2019-01-16T15:58:04Z" finished-at="2019-01-16T16:00:22Z">
    <groups>
    </groups>
    <test name="Facebook File Upload" duration-ms="5741" started-at="2019-01-16T15:58:04Z" finished-at="2019-01-16T15:58:10Z">
      <class name="com.pge.hybrid.testcases.facebooksuite.UploadFiles">
        <test-method status="PASS" signature="init()[pri:0, instance:com.pge.hybrid.testcases.facebooksuite.UploadFiles@55b5f5d2]" name="init" is-config="true" duration-ms="3189" started-at="2019-01-16T15:58:04Z" finished-at="2019-01-16T15:58:07Z">
          <reporter-output>
          </reporter-output>
        </test-method> <!-- init -->
        <test-method status="PASS" signature="initTest()[pri:0, instance:com.pge.hybrid.testcases.facebooksuite.UploadFiles@55b5f5d2]" name="initTest" is-config="true" duration-ms="405" started-at="2019-01-16T15:58:08Z" finished-at="2019-01-16T15:58:09Z">
          <reporter-output>
          </reporter-output>
        </test-method> <!-- initTest -->
        <test-method status="SKIP" signature="UploadFile(java.util.Hashtable)[pri:0, instance:com.pge.hybrid.testcases.facebooksuite.UploadFiles@55b5f5d2]" name="UploadFile" duration-ms="4" started-at="2019-01-16T15:58:09Z" data-provider="getData" finished-at="2019-01-16T15:58:09Z">
          <params>
            <param index="0">
              <value>
                <![CDATA[{Username=, ExpectedResult=, url=https://imgur.com/upload, filePath=C:\\HybridFramework\\HybridFramework\\Files\\FileUpload.exe, Password=, Runmode=Y, Browser=Chrome}]]>
              </value>
            </param>
          </params>
          <exception class="org.testng.SkipException">
            <message>
              <![CDATA[Runmode is set to NO]]>
            </message>
            <full-stacktrace>
              <![CDATA[org.testng.SkipException: Runmode is set to NO
at com.pge.hybrid.testcases.facebooksuite.UploadFiles.UploadFile(UploadFiles.java:23)
at sun.reflect.NativeMethodAccessorImpl.invoke0(Native Method)
at sun.reflect.NativeMethodAccessorImpl.invoke(NativeMethodAccessorImpl.java:62)
at sun.reflect.DelegatingMethodAccessorImpl.invoke(DelegatingMethodAccessorImpl.java:43)
at java.lang.reflect.Method.invoke(Method.java:498)
at org.testng.internal.MethodInvocationHelper.invokeMethod(MethodInvocationHelper.java:124)
at org.testng.internal.Invoker.invokeMethod(Invoker.java:583)
at org.testng.internal.Invoker.invokeTestMethod(Invoker.java:719)
at org.testng.internal.Invoker.invokeTestMethods(Invoker.java:989)
at org.testng.internal.TestMethodWorker.invokeTestMethods(TestMethodWorker.java:125)
at org.testng.internal.TestMethodWorker.run(TestMethodWorker.java:109)
at org.testng.TestRunner.privateRun(TestRunner.java:648)
at org.testng.TestRunner.run(TestRunner.java:505)
at org.testng.SuiteRunner.runTest(SuiteRunner.java:455)
at org.testng.SuiteRunner.access$000(SuiteRunner.java:40)
at org.testng.SuiteRunner$SuiteWorker.run(SuiteRunner.java:489)
at org.testng.internal.thread.ThreadUtil$1.call(ThreadUtil.java:52)
at java.util.concurrent.FutureTask.run(FutureTask.java:266)
at java.util.concurrent.ThreadPoolExecutor.runWorker(ThreadPoolExecutor.java:1149)
at java.util.concurrent.ThreadPoolExecutor$Worker.run(ThreadPoolExecutor.java:624)
at java.lang.Thread.run(Thread.java:748)
]]>
            </full-stacktrace>
          </exception> <!-- org.testng.SkipException -->
          <reporter-output>
          </reporter-output>
        </test-method> <!-- UploadFile -->
        <test-method status="PASS" signature="quit()[pri:0, instance:com.pge.hybrid.testcases.facebooksuite.UploadFiles@55b5f5d2]" name="quit" is-config="true" duration-ms="1279" started-at="2019-01-16T15:58:09Z" finished-at="2019-01-16T15:58:10Z">
          <reporter-output>
          </reporter-output>
        </test-method> <!-- quit -->
      </class> <!-- com.pge.hybrid.testcases.facebooksuite.UploadFiles -->
    </test> <!-- Facebook File Upload -->
    <test name="Facebook Sign In Test" duration-ms="138052" started-at="2019-01-16T15:58:04Z" finished-at="2019-01-16T16:00:22Z">
      <class name="com.pge.hybrid.testcases.facebooksuite.FacebookTest">
        <test-method status="PASS" signature="init()[pri:0, instance:com.pge.hybrid.testcases.facebooksuite.FacebookTest@79da1ec0]" name="init" is-config="true" duration-ms="3223" started-at="2019-01-16T15:58:04Z" finished-at="2019-01-16T15:58:07Z">
          <reporter-output>
          </reporter-output>
        </test-method> <!-- init -->
        <test-method status="PASS" signature="initTest()[pri:0, instance:com.pge.hybrid.testcases.facebooksuite.FacebookTest@79da1ec0]" name="initTest" is-config="true" duration-ms="232" started-at="2019-01-16T15:58:10Z" finished-at="2019-01-16T15:58:10Z">
          <reporter-output>
          </reporter-output>
        </test-method> <!-- initTest -->
        <test-method status="FAIL" signature="facebookLogin(java.util.Hashtable)[pri:0, instance:com.pge.hybrid.testcases.facebooksuite.FacebookTest@79da1ec0]" name="facebookLogin" duration-ms="70439" started-at="2019-01-16T15:58:10Z" data-provider="getData" finished-at="2019-01-16T15:59:21Z">
          <params>
            <param index="0">
              <value>
                <![CDATA[{Username=shekhar_20_nice@yahoo.co.in, ExpectedResult=Success, url=https://www.facebook.com, filePath=C:\\HybridFramework\\HybridFramework\\Files\\FileUpload.exe, Password=, Runmode=Y, Browser=Chrome}]]>
              </value>
            </param>
          </params>
          <exception class="java.lang.reflect.InvocationTargetException">
            <full-stacktrace>
              <![CDATA[java.lang.reflect.InvocationTargetException
at sun.reflect.NativeMethodAccessorImpl.invoke0(Native Method)
at sun.reflect.NativeMethodAccessorImpl.invoke(NativeMethodAccessorImpl.java:62)
at sun.reflect.DelegatingMethodAccessorImpl.invoke(DelegatingMethodAccessorImpl.java:43)
at java.lang.reflect.Method.invoke(Method.java:498)
at com.pge.hybrid.driver.DriverScript.executeKeywords(DriverScript.java:47)
at com.pge.hybrid.testcases.facebooksuite.FacebookTest.facebookLogin(FacebookTest.java:24)
at sun.reflect.NativeMethodAccessorImpl.invoke0(Native Method)
at sun.reflect.NativeMethodAccessorImpl.invoke(NativeMethodAccessorImpl.java:62)
at sun.reflect.DelegatingMethodAccessorImpl.invoke(DelegatingMethodAccessorImpl.java:43)
at java.lang.reflect.Method.invoke(Method.java:498)
at org.testng.internal.MethodInvocationHelper.invokeMethod(MethodInvocationHelper.java:124)
at org.testng.internal.Invoker.invokeMethod(Invoker.java:583)
at org.testng.internal.Invoker.invokeTestMethod(Invoker.java:719)
at org.testng.internal.Invoker.invokeTestMethods(Invoker.java:989)
at org.testng.internal.TestMethodWorker.invokeTestMethods(TestMethodWorker.java:125)
at org.testng.internal.TestMethodWorker.run(TestMethodWorker.java:109)
at org.testng.TestRunner.privateRun(TestRunner.java:648)
at org.testng.TestRunner.run(TestRunner.java:505)
at org.testng.SuiteRunner.runTest(SuiteRunner.java:455)
at org.testng.SuiteRunner.access$000(SuiteRunner.java:40)
at org.testng.SuiteRunner$SuiteWorker.run(SuiteRunner.java:489)
at org.testng.internal.thread.ThreadUtil$1.call(ThreadUtil.java:52)
at java.util.concurrent.FutureTask.run(FutureTask.java:266)
at java.util.concurrent.ThreadPoolExecutor.runWorker(ThreadPoolExecutor.java:1149)
at java.util.concurrent.ThreadPoolExecutor$Worker.run(ThreadPoolExecutor.java:624)
at java.lang.Thread.run(Thread.java:748)
Caused by: java.lang.AssertionError: The following asserts failed:
Object Not Found photo_vid_xpath
at org.testng.asserts.SoftAssert.assertAll(SoftAssert.java:43)
at com.pge.hybrid.keywords.GenericKeywords.reportFailure(GenericKeywords.java:374)
at com.pge.hybrid.keywords.GenericKeywords.getObject(GenericKeywords.java:307)
at com.pge.hybrid.keywords.GenericKeywords.click(GenericKeywords.java:150)
... 26 more
]]>
            </full-stacktrace>
          </exception> <!-- java.lang.reflect.InvocationTargetException -->
          <reporter-output>
          </reporter-output>
        </test-method> <!-- facebookLogin -->
        <test-method status="PASS" signature="quit()[pri:0, instance:com.pge.hybrid.testcases.facebooksuite.FacebookTest@79da1ec0]" name="quit" is-config="true" duration-ms="5915" started-at="2019-01-16T15:59:21Z" finished-at="2019-01-16T15:59:26Z">
          <reporter-output>
          </reporter-output>
        </test-method> <!-- quit -->
        <test-method status="PASS" signature="initTest()[pri:0, instance:com.pge.hybrid.testcases.facebooksuite.FacebookTest@79da1ec0]" name="initTest" is-config="true" duration-ms="63" started-at="2019-01-16T15:59:26Z" finished-at="2019-01-16T15:59:26Z">
          <reporter-output>
          </reporter-output>
        </test-method> <!-- initTest -->
        <test-method status="SKIP" signature="facebookLogin(java.util.Hashtable)[pri:0, instance:com.pge.hybrid.testcases.facebooksuite.FacebookTest@79da1ec0]" name="facebookLogin" duration-ms="0" started-at="2019-01-16T15:59:26Z" data-provider="getData" finished-at="2019-01-16T15:59:26Z">
          <params>
            <param index="0">
              <value>
                <![CDATA[{Username=shekhar_20_nice@yahoo.co.in, ExpectedResult=Success, url=https://www.facebook.com, filePath=C:\\HybridFramework\\HybridFramework\\Files\\FileUpload.exe, Password=, Runmode=N, Browser=IE}]]>
              </value>
            </param>
          </params>
          <exception class="org.testng.SkipException">
            <message>
              <![CDATA[Runmode is set to NO]]>
            </message>
            <full-stacktrace>
              <![CDATA[org.testng.SkipException: Runmode is set to NO
at com.pge.hybrid.testcases.facebooksuite.FacebookTest.facebookLogin(FacebookTest.java:22)
at sun.reflect.NativeMethodAccessorImpl.invoke0(Native Method)
at sun.reflect.NativeMethodAccessorImpl.invoke(NativeMethodAccessorImpl.java:62)
at sun.reflect.DelegatingMethodAccessorImpl.invoke(DelegatingMethodAccessorImpl.java:43)
at java.lang.reflect.Method.invoke(Method.java:498)
at org.testng.internal.MethodInvocationHelper.invokeMethod(MethodInvocationHelper.java:124)
at org.testng.internal.Invoker.invokeMethod(Invoker.java:583)
at org.testng.internal.Invoker.invokeTestMethod(Invoker.java:719)
at org.testng.internal.Invoker.invokeTestMethods(Invoker.java:989)
at org.testng.internal.TestMethodWorker.invokeTestMethods(TestMethodWorker.java:125)
at org.testng.internal.TestMethodWorker.run(TestMethodWorker.java:109)
at org.testng.TestRunner.privateRun(TestRunner.java:648)
at org.testng.TestRunner.run(TestRunner.java:505)
at org.testng.SuiteRunner.runTest(SuiteRunner.java:455)
at org.testng.SuiteRunner.access$000(SuiteRunner.java:40)
at org.testng.SuiteRunner$SuiteWorker.run(SuiteRunner.java:489)
at org.testng.internal.thread.ThreadUtil$1.call(ThreadUtil.java:52)
at java.util.concurrent.FutureTask.run(FutureTask.java:266)
at java.util.concurrent.ThreadPoolExecutor.runWorker(ThreadPoolExecutor.java:1149)
at java.util.concurrent.ThreadPoolExecutor$Worker.run(ThreadPoolExecutor.java:624)
at java.lang.Thread.run(Thread.java:748)
]]>
            </full-stacktrace>
          </exception> <!-- org.testng.SkipException -->
          <reporter-output>
          </reporter-output>
        </test-method> <!-- facebookLogin -->
        <test-method status="PASS" signature="quit()[pri:0, instance:com.pge.hybrid.testcases.facebooksuite.FacebookTest@79da1ec0]" name="quit" is-config="true" duration-ms="130" started-at="2019-01-16T15:59:26Z" finished-at="2019-01-16T15:59:27Z">
          <reporter-output>
          </reporter-output>
        </test-method> <!-- quit -->
        <test-method status="FAIL" signature="AppScanSite(java.util.Hashtable)[pri:1, instance:com.pge.hybrid.testcases.facebooksuite.FacebookTest@79da1ec0]" name="AppScanSite" duration-ms="54955" started-at="2019-01-16T15:59:27Z" data-provider="getData" finished-at="2019-01-16T16:00:22Z">
          <params>
            <param index="0">
              <value>
                <![CDATA[{Username=jsmith, url=http://demo.testfire.net/, Password=demo1234, Runmode=Y, Browser=Chrome}]]>
              </value>
            </param>
          </params>
          <exception class="java.lang.reflect.InvocationTargetException">
            <full-stacktrace>
              <![CDATA[java.lang.reflect.InvocationTargetException
at sun.reflect.NativeMethodAccessorImpl.invoke0(Native Method)
at sun.reflect.NativeMethodAccessorImpl.invoke(NativeMethodAccessorImpl.java:62)
at sun.reflect.DelegatingMethodAccessorImpl.invoke(DelegatingMethodAccessorImpl.java:43)
at java.lang.reflect.Method.invoke(Method.java:498)
at com.pge.hybrid.driver.DriverScript.executeKeywords(DriverScript.java:47)
at com.pge.hybrid.testcases.facebooksuite.FacebookTest.AppScanSite(FacebookTest.java:37)
at sun.reflect.NativeMethodAccessorImpl.invoke0(Native Method)
at sun.reflect.NativeMethodAccessorImpl.invoke(NativeMethodAccessorImpl.java:62)
at sun.reflect.DelegatingMethodAccessorImpl.invoke(DelegatingMethodAccessorImpl.java:43)
at java.lang.reflect.Method.invoke(Method.java:498)
at org.testng.internal.MethodInvocationHelper.invokeMethod(MethodInvocationHelper.java:124)
at org.testng.internal.Invoker.invokeMethod(Invoker.java:583)
at org.testng.internal.Invoker.invokeTestMethod(Invoker.java:719)
at org.testng.internal.Invoker.invokeTestMethods(Invoker.java:989)
at org.testng.internal.TestMethodWorker.invokeTestMethods(TestMethodWorker.java:125)
at org.testng.internal.TestMethodWorker.run(TestMethodWorker.java:109)
at org.testng.TestRunner.privateRun(TestRunner.java:648)
at org.testng.TestRunner.run(TestRunner.java:505)
at org.testng.SuiteRunner.runTest(SuiteRunner.java:455)
at org.testng.SuiteRunner.access$000(SuiteRunner.java:40)
at org.testng.SuiteRunner$SuiteWorker.run(SuiteRunner.java:489)
at org.testng.internal.thread.ThreadUtil$1.call(ThreadUtil.java:52)
at java.util.concurrent.FutureTask.run(FutureTask.java:266)
at java.util.concurrent.ThreadPoolExecutor.runWorker(ThreadPoolExecutor.java:1149)
at java.util.concurrent.ThreadPoolExecutor$Worker.run(ThreadPoolExecutor.java:624)
at java.lang.Thread.run(Thread.java:748)
Caused by: java.lang.AssertionError: The following asserts failed:
Object Not Found SignIn_xpath
at org.testng.asserts.SoftAssert.assertAll(SoftAssert.java:43)
at com.pge.hybrid.keywords.GenericKeywords.reportFailure(GenericKeywords.java:374)
at com.pge.hybrid.keywords.GenericKeywords.getObject(GenericKeywords.java:307)
at com.pge.hybrid.keywords.GenericKeywords.click(GenericKeywords.java:150)
... 26 more
]]>
            </full-stacktrace>
          </exception> <!-- java.lang.reflect.InvocationTargetException -->
          <reporter-output>
          </reporter-output>
        </test-method> <!-- AppScanSite -->
        <test-method status="PASS" signature="initTest()[pri:0, instance:com.pge.hybrid.testcases.facebooksuite.FacebookTest@79da1ec0]" name="initTest" is-config="true" duration-ms="0" started-at="2019-01-16T15:59:27Z" finished-at="2019-01-16T15:59:27Z">
          <reporter-output>
          </reporter-output>
        </test-method> <!-- initTest -->
        <test-method status="PASS" signature="quit()[pri:0, instance:com.pge.hybrid.testcases.facebooksuite.FacebookTest@79da1ec0]" name="quit" is-config="true" duration-ms="507" started-at="2019-01-16T16:00:22Z" finished-at="2019-01-16T16:00:22Z">
          <reporter-output>
          </reporter-output>
        </test-method> <!-- quit -->
      </class> <!-- com.pge.hybrid.testcases.facebooksuite.FacebookTest -->
    </test> <!-- Facebook Sign In Test -->
  </suite> <!-- Facebook Suite -->
</testng-results>
